<?xml version="1.0" encoding="UTF-8"?>
<!-- Generated by org.testng.reporters.JUnitXMLReporter -->
<testsuite ignored="0" hostname="LAPTOP-VLNOK0RG" failures="2" tests="4" name="Test" time="230.529" errors="0" timestamp="2021-05-14T17:18:48 IST">
  <testcase classname="TestCases.TC_OPENCART_001" name="RegisterationTest" time="59.979"/>
  <testcase classname="TestCases.TC_OPENCART_002" name="RegisterationTest" time="55.124">
    <failure type="java.lang.AssertionError" message="expected [true] but found [false]">
      <![CDATA[java.lang.AssertionError: expected [true] but found [false]
at TestCases.TC_OPENCART_002.RegisterationTest(TC_OPENCART_002.java:46)
at java.base/java.util.ArrayList.forEach(ArrayList.java:1511)
... Removed 31 stack frames]]>
    </failure>
  </testcase> <!-- RegisterationTest -->
  <testcase classname="TestCases.TC_OPENCART_003" name="loginTest" time="38.844"/>
  <testcase classname="TestCases.TC_OPENCART_004" name="loginTst" time="48.682">
    <failure type="java.lang.AssertionError" message="expected [true] but found [false]">
      <![CDATA[java.lang.AssertionError: expected [true] but found [false]
at TestCases.TC_OPENCART_004.loginTst(TC_OPENCART_004.java:32)
at java.base/java.util.ArrayList.forEach(ArrayList.java:1511)
... Removed 31 stack frames]]>
    </failure>
  </testcase> <!-- loginTst -->
</testsuite> <!-- Test -->
